[0m18:09:13.345709 [debug] [MainThread]: Sending event: {'category': 'dbt', 'action': 'invocation', 'label': 'start', 'context': [<snowplow_tracker.self_describing_json.SelfDescribingJson object at 0x103f213d0>, <snowplow_tracker.self_describing_json.SelfDescribingJson object at 0x1071c1590>, <snowplow_tracker.self_describing_json.SelfDescribingJson object at 0x1071c1cd0>]}


============================== 18:09:13.352764 | 4fc4616f-daa9-44a1-ae47-10402ffa4f56 ==============================
[0m18:09:13.352764 [info ] [MainThread]: Running with dbt=1.11.11
[0m18:09:13.353777 [debug] [MainThread]: running dbt with arguments {'partial_parse': 'True', 'use_colors': 'True', 'log_cache_events': 'False', 'printer_width': '80', 'log_format': 'default', 'debug': 'False', 'warn_error_options': 'WarnErrorOptionsV2(error=[], warn=[], silence=[])', 'use_experimental_parser': 'False', 'log_path': 'logs', 'quiet': 'False', 'target_path': 'None', 'static_parser': 'True', 'version_check': 'True', 'no_print': 'None', 'send_anonymous_usage_stats': 'True', 'indirect_selection': 'eager', 'write_json': 'True', 'empty': 'None', 'fail_fast': 'False', 'profiles_dir': '/Users/maymelo/.dbt', 'introspect': 'True', 'cache_selected_only': 'False', 'warn_error': 'None', 'invocation_command': 'dbt init dog_explorer'}
[0m18:09:13.379551 [info ] [MainThread]: Creating dbt configuration folder at /Users/maymelo/.dbt
[0m18:09:13.381717 [error] [MainThread]: Encountered an error:
'NoneType' object is not subscriptable
[0m18:09:13.385529 [error] [MainThread]: Traceback (most recent call last):
  File "/Users/maymelo/anaconda3/envs/heyra/lib/python3.11/site-packages/dbt/cli/requires.py", line 182, in wrapper
    result, success = func(*args, **kwargs)
                      ^^^^^^^^^^^^^^^^^^^^^
  File "/Users/maymelo/anaconda3/envs/heyra/lib/python3.11/site-packages/dbt/cli/requires.py", line 128, in wrapper
    return func(*args, **kwargs)
           ^^^^^^^^^^^^^^^^^^^^^
  File "/Users/maymelo/anaconda3/envs/heyra/lib/python3.11/site-packages/dbt/cli/main.py", line 488, in init
    results = task.run()
              ^^^^^^^^^^
  File "/Users/maymelo/anaconda3/envs/heyra/lib/python3.11/site-packages/dbt/task/init.py", line 319, in run
    profile_name = self.get_profile_name_from_current_project()
                   ^^^^^^^^^^^^^^^^^^^^^^^^^^^^^^^^^^^^^^^^^^^^
  File "/Users/maymelo/anaconda3/envs/heyra/lib/python3.11/site-packages/dbt/task/init.py", line 140, in get_profile_name_from_current_project
    return dbt_project["profile"]
           ~~~~~~~~~~~^^^^^^^^^^^
TypeError: 'NoneType' object is not subscriptable

[0m18:09:13.991314 [debug] [MainThread]: Resource report: {"command_name": "init", "command_success": false, "command_wall_clock_time": 0.7967282, "process_in_blocks": "0", "process_kernel_time": 0.479898, "process_mem_max_rss": "108552192", "process_out_blocks": "0", "process_user_time": 2.310843}
[0m18:09:13.992290 [debug] [MainThread]: Command `dbt init` failed at 18:09:13.992079 after 0.80 seconds
[0m18:09:13.993198 [debug] [MainThread]: Sending event: {'category': 'dbt', 'action': 'invocation', 'label': 'end', 'context': [<snowplow_tracker.self_describing_json.SelfDescribingJson object at 0x102d07c90>, <snowplow_tracker.self_describing_json.SelfDescribingJson object at 0x1071c0f10>, <snowplow_tracker.self_describing_json.SelfDescribingJson object at 0x10719f3d0>]}
[0m18:09:13.993838 [debug] [MainThread]: Flushing usage events
[0m18:09:14.688839 [debug] [MainThread]: An error was encountered while trying to flush usage events
